ARM GAS  /tmp/ccodxrsG.s 			page 1


   1              		.cpu cortex-m4
   2              		.eabi_attribute 27, 1
   3              		.eabi_attribute 28, 1
   4              		.eabi_attribute 20, 1
   5              		.eabi_attribute 21, 1
   6              		.eabi_attribute 23, 3
   7              		.eabi_attribute 24, 1
   8              		.eabi_attribute 25, 1
   9              		.eabi_attribute 26, 1
  10              		.eabi_attribute 30, 6
  11              		.eabi_attribute 34, 1
  12              		.eabi_attribute 18, 4
  13              		.file	"stm32f4xx_hal_pcd_ex.c"
  14              		.text
  15              	.Ltext0:
  16              		.cfi_sections	.debug_frame
  17              		.section	.text.HAL_PCDEx_SetTxFiFo,"ax",%progbits
  18              		.align	1
  19              		.global	HAL_PCDEx_SetTxFiFo
  20              		.syntax unified
  21              		.thumb
  22              		.thumb_func
  23              		.fpu fpv4-sp-d16
  25              	HAL_PCDEx_SetTxFiFo:
  26              	.LFB124:
  27              		.file 1 "Drivers/STM32F4xx_HAL_Driver/Src/stm32f4xx_hal_pcd_ex.c"
   1:Drivers/STM32F4xx_HAL_Driver/Src/stm32f4xx_hal_pcd_ex.c **** /**
   2:Drivers/STM32F4xx_HAL_Driver/Src/stm32f4xx_hal_pcd_ex.c ****   ******************************************************************************
   3:Drivers/STM32F4xx_HAL_Driver/Src/stm32f4xx_hal_pcd_ex.c ****   * @file    stm32f4xx_hal_pcd_ex.c
   4:Drivers/STM32F4xx_HAL_Driver/Src/stm32f4xx_hal_pcd_ex.c ****   * @author  MCD Application Team
   5:Drivers/STM32F4xx_HAL_Driver/Src/stm32f4xx_hal_pcd_ex.c ****   * @brief   PCD HAL module driver.
   6:Drivers/STM32F4xx_HAL_Driver/Src/stm32f4xx_hal_pcd_ex.c ****   *          This file provides firmware functions to manage the following 
   7:Drivers/STM32F4xx_HAL_Driver/Src/stm32f4xx_hal_pcd_ex.c ****   *          functionalities of the USB Peripheral Controller:
   8:Drivers/STM32F4xx_HAL_Driver/Src/stm32f4xx_hal_pcd_ex.c ****   *           + Extended features functions
   9:Drivers/STM32F4xx_HAL_Driver/Src/stm32f4xx_hal_pcd_ex.c ****   *
  10:Drivers/STM32F4xx_HAL_Driver/Src/stm32f4xx_hal_pcd_ex.c ****   ******************************************************************************
  11:Drivers/STM32F4xx_HAL_Driver/Src/stm32f4xx_hal_pcd_ex.c ****   * @attention
  12:Drivers/STM32F4xx_HAL_Driver/Src/stm32f4xx_hal_pcd_ex.c ****   *
  13:Drivers/STM32F4xx_HAL_Driver/Src/stm32f4xx_hal_pcd_ex.c ****   * <h2><center>&copy; COPYRIGHT(c) 2017 STMicroelectronics</center></h2>
  14:Drivers/STM32F4xx_HAL_Driver/Src/stm32f4xx_hal_pcd_ex.c ****   *
  15:Drivers/STM32F4xx_HAL_Driver/Src/stm32f4xx_hal_pcd_ex.c ****   * Redistribution and use in source and binary forms, with or without modification,
  16:Drivers/STM32F4xx_HAL_Driver/Src/stm32f4xx_hal_pcd_ex.c ****   * are permitted provided that the following conditions are met:
  17:Drivers/STM32F4xx_HAL_Driver/Src/stm32f4xx_hal_pcd_ex.c ****   *   1. Redistributions of source code must retain the above copyright notice,
  18:Drivers/STM32F4xx_HAL_Driver/Src/stm32f4xx_hal_pcd_ex.c ****   *      this list of conditions and the following disclaimer.
  19:Drivers/STM32F4xx_HAL_Driver/Src/stm32f4xx_hal_pcd_ex.c ****   *   2. Redistributions in binary form must reproduce the above copyright notice,
  20:Drivers/STM32F4xx_HAL_Driver/Src/stm32f4xx_hal_pcd_ex.c ****   *      this list of conditions and the following disclaimer in the documentation
  21:Drivers/STM32F4xx_HAL_Driver/Src/stm32f4xx_hal_pcd_ex.c ****   *      and/or other materials provided with the distribution.
  22:Drivers/STM32F4xx_HAL_Driver/Src/stm32f4xx_hal_pcd_ex.c ****   *   3. Neither the name of STMicroelectronics nor the names of its contributors
  23:Drivers/STM32F4xx_HAL_Driver/Src/stm32f4xx_hal_pcd_ex.c ****   *      may be used to endorse or promote products derived from this software
  24:Drivers/STM32F4xx_HAL_Driver/Src/stm32f4xx_hal_pcd_ex.c ****   *      without specific prior written permission.
  25:Drivers/STM32F4xx_HAL_Driver/Src/stm32f4xx_hal_pcd_ex.c ****   *
  26:Drivers/STM32F4xx_HAL_Driver/Src/stm32f4xx_hal_pcd_ex.c ****   * THIS SOFTWARE IS PROVIDED BY THE COPYRIGHT HOLDERS AND CONTRIBUTORS "AS IS"
  27:Drivers/STM32F4xx_HAL_Driver/Src/stm32f4xx_hal_pcd_ex.c ****   * AND ANY EXPRESS OR IMPLIED WARRANTIES, INCLUDING, BUT NOT LIMITED TO, THE
  28:Drivers/STM32F4xx_HAL_Driver/Src/stm32f4xx_hal_pcd_ex.c ****   * IMPLIED WARRANTIES OF MERCHANTABILITY AND FITNESS FOR A PARTICULAR PURPOSE ARE
  29:Drivers/STM32F4xx_HAL_Driver/Src/stm32f4xx_hal_pcd_ex.c ****   * DISCLAIMED. IN NO EVENT SHALL THE COPYRIGHT HOLDER OR CONTRIBUTORS BE LIABLE
  30:Drivers/STM32F4xx_HAL_Driver/Src/stm32f4xx_hal_pcd_ex.c ****   * FOR ANY DIRECT, INDIRECT, INCIDENTAL, SPECIAL, EXEMPLARY, OR CONSEQUENTIAL
  31:Drivers/STM32F4xx_HAL_Driver/Src/stm32f4xx_hal_pcd_ex.c ****   * DAMAGES (INCLUDING, BUT NOT LIMITED TO, PROCUREMENT OF SUBSTITUTE GOODS OR
ARM GAS  /tmp/ccodxrsG.s 			page 2


  32:Drivers/STM32F4xx_HAL_Driver/Src/stm32f4xx_hal_pcd_ex.c ****   * SERVICES; LOSS OF USE, DATA, OR PROFITS; OR BUSINESS INTERRUPTION) HOWEVER
  33:Drivers/STM32F4xx_HAL_Driver/Src/stm32f4xx_hal_pcd_ex.c ****   * CAUSED AND ON ANY THEORY OF LIABILITY, WHETHER IN CONTRACT, STRICT LIABILITY,
  34:Drivers/STM32F4xx_HAL_Driver/Src/stm32f4xx_hal_pcd_ex.c ****   * OR TORT (INCLUDING NEGLIGENCE OR OTHERWISE) ARISING IN ANY WAY OUT OF THE USE
  35:Drivers/STM32F4xx_HAL_Driver/Src/stm32f4xx_hal_pcd_ex.c ****   * OF THIS SOFTWARE, EVEN IF ADVISED OF THE POSSIBILITY OF SUCH DAMAGE.
  36:Drivers/STM32F4xx_HAL_Driver/Src/stm32f4xx_hal_pcd_ex.c ****   *
  37:Drivers/STM32F4xx_HAL_Driver/Src/stm32f4xx_hal_pcd_ex.c ****   ******************************************************************************
  38:Drivers/STM32F4xx_HAL_Driver/Src/stm32f4xx_hal_pcd_ex.c ****   */ 
  39:Drivers/STM32F4xx_HAL_Driver/Src/stm32f4xx_hal_pcd_ex.c **** 
  40:Drivers/STM32F4xx_HAL_Driver/Src/stm32f4xx_hal_pcd_ex.c **** /* Includes ------------------------------------------------------------------*/
  41:Drivers/STM32F4xx_HAL_Driver/Src/stm32f4xx_hal_pcd_ex.c **** #include "stm32f4xx_hal.h"
  42:Drivers/STM32F4xx_HAL_Driver/Src/stm32f4xx_hal_pcd_ex.c **** 
  43:Drivers/STM32F4xx_HAL_Driver/Src/stm32f4xx_hal_pcd_ex.c **** /** @addtogroup STM32F4xx_HAL_Driver
  44:Drivers/STM32F4xx_HAL_Driver/Src/stm32f4xx_hal_pcd_ex.c ****   * @{
  45:Drivers/STM32F4xx_HAL_Driver/Src/stm32f4xx_hal_pcd_ex.c ****   */
  46:Drivers/STM32F4xx_HAL_Driver/Src/stm32f4xx_hal_pcd_ex.c **** 
  47:Drivers/STM32F4xx_HAL_Driver/Src/stm32f4xx_hal_pcd_ex.c **** /** @defgroup PCDEx PCDEx
  48:Drivers/STM32F4xx_HAL_Driver/Src/stm32f4xx_hal_pcd_ex.c ****   * @brief PCD Extended HAL module driver
  49:Drivers/STM32F4xx_HAL_Driver/Src/stm32f4xx_hal_pcd_ex.c ****   * @{
  50:Drivers/STM32F4xx_HAL_Driver/Src/stm32f4xx_hal_pcd_ex.c ****   */
  51:Drivers/STM32F4xx_HAL_Driver/Src/stm32f4xx_hal_pcd_ex.c **** #ifdef HAL_PCD_MODULE_ENABLED
  52:Drivers/STM32F4xx_HAL_Driver/Src/stm32f4xx_hal_pcd_ex.c **** #if defined(STM32F405xx) || defined(STM32F415xx) || defined(STM32F407xx) || defined(STM32F417xx) ||
  53:Drivers/STM32F4xx_HAL_Driver/Src/stm32f4xx_hal_pcd_ex.c ****     defined(STM32F427xx) || defined(STM32F437xx) || defined(STM32F429xx) || defined(STM32F439xx) ||
  54:Drivers/STM32F4xx_HAL_Driver/Src/stm32f4xx_hal_pcd_ex.c ****     defined(STM32F401xC) || defined(STM32F401xE) || defined(STM32F411xE) || defined(STM32F446xx) ||
  55:Drivers/STM32F4xx_HAL_Driver/Src/stm32f4xx_hal_pcd_ex.c ****     defined(STM32F469xx) || defined(STM32F479xx) || defined(STM32F412Zx) || defined(STM32F412Vx) ||
  56:Drivers/STM32F4xx_HAL_Driver/Src/stm32f4xx_hal_pcd_ex.c ****     defined(STM32F412Rx) || defined(STM32F412Cx) || defined(STM32F413xx) || defined(STM32F423xx)
  57:Drivers/STM32F4xx_HAL_Driver/Src/stm32f4xx_hal_pcd_ex.c **** /* Private types -------------------------------------------------------------*/
  58:Drivers/STM32F4xx_HAL_Driver/Src/stm32f4xx_hal_pcd_ex.c **** /* Private variables ---------------------------------------------------------*/
  59:Drivers/STM32F4xx_HAL_Driver/Src/stm32f4xx_hal_pcd_ex.c **** /* Private constants ---------------------------------------------------------*/
  60:Drivers/STM32F4xx_HAL_Driver/Src/stm32f4xx_hal_pcd_ex.c **** /* Private macros ------------------------------------------------------------*/
  61:Drivers/STM32F4xx_HAL_Driver/Src/stm32f4xx_hal_pcd_ex.c **** /* Private functions ---------------------------------------------------------*/
  62:Drivers/STM32F4xx_HAL_Driver/Src/stm32f4xx_hal_pcd_ex.c **** /* Exported functions --------------------------------------------------------*/
  63:Drivers/STM32F4xx_HAL_Driver/Src/stm32f4xx_hal_pcd_ex.c **** 
  64:Drivers/STM32F4xx_HAL_Driver/Src/stm32f4xx_hal_pcd_ex.c **** /** @defgroup PCDEx_Exported_Functions PCD Extended Exported Functions
  65:Drivers/STM32F4xx_HAL_Driver/Src/stm32f4xx_hal_pcd_ex.c ****   * @{
  66:Drivers/STM32F4xx_HAL_Driver/Src/stm32f4xx_hal_pcd_ex.c ****   */
  67:Drivers/STM32F4xx_HAL_Driver/Src/stm32f4xx_hal_pcd_ex.c **** 
  68:Drivers/STM32F4xx_HAL_Driver/Src/stm32f4xx_hal_pcd_ex.c **** /** @defgroup PCDEx_Exported_Functions_Group1 Peripheral Control functions
  69:Drivers/STM32F4xx_HAL_Driver/Src/stm32f4xx_hal_pcd_ex.c ****   * @brief    PCDEx control functions 
  70:Drivers/STM32F4xx_HAL_Driver/Src/stm32f4xx_hal_pcd_ex.c ****   *
  71:Drivers/STM32F4xx_HAL_Driver/Src/stm32f4xx_hal_pcd_ex.c **** @verbatim  
  72:Drivers/STM32F4xx_HAL_Driver/Src/stm32f4xx_hal_pcd_ex.c ****  ===============================================================================
  73:Drivers/STM32F4xx_HAL_Driver/Src/stm32f4xx_hal_pcd_ex.c ****                  ##### Extended features functions #####
  74:Drivers/STM32F4xx_HAL_Driver/Src/stm32f4xx_hal_pcd_ex.c ****  ===============================================================================  
  75:Drivers/STM32F4xx_HAL_Driver/Src/stm32f4xx_hal_pcd_ex.c ****     [..]  This section provides functions allowing to:
  76:Drivers/STM32F4xx_HAL_Driver/Src/stm32f4xx_hal_pcd_ex.c ****       (+) Update FIFO configuration
  77:Drivers/STM32F4xx_HAL_Driver/Src/stm32f4xx_hal_pcd_ex.c **** 
  78:Drivers/STM32F4xx_HAL_Driver/Src/stm32f4xx_hal_pcd_ex.c **** @endverbatim
  79:Drivers/STM32F4xx_HAL_Driver/Src/stm32f4xx_hal_pcd_ex.c ****   * @{
  80:Drivers/STM32F4xx_HAL_Driver/Src/stm32f4xx_hal_pcd_ex.c ****   */
  81:Drivers/STM32F4xx_HAL_Driver/Src/stm32f4xx_hal_pcd_ex.c **** 
  82:Drivers/STM32F4xx_HAL_Driver/Src/stm32f4xx_hal_pcd_ex.c **** /**
  83:Drivers/STM32F4xx_HAL_Driver/Src/stm32f4xx_hal_pcd_ex.c ****   * @brief  Set Tx FIFO
  84:Drivers/STM32F4xx_HAL_Driver/Src/stm32f4xx_hal_pcd_ex.c ****   * @param  hpcd PCD handle
  85:Drivers/STM32F4xx_HAL_Driver/Src/stm32f4xx_hal_pcd_ex.c ****   * @param  fifo The number of Tx fifo
  86:Drivers/STM32F4xx_HAL_Driver/Src/stm32f4xx_hal_pcd_ex.c ****   * @param  size Fifo size
  87:Drivers/STM32F4xx_HAL_Driver/Src/stm32f4xx_hal_pcd_ex.c ****   * @retval HAL status
  88:Drivers/STM32F4xx_HAL_Driver/Src/stm32f4xx_hal_pcd_ex.c ****   */
ARM GAS  /tmp/ccodxrsG.s 			page 3


  89:Drivers/STM32F4xx_HAL_Driver/Src/stm32f4xx_hal_pcd_ex.c **** HAL_StatusTypeDef HAL_PCDEx_SetTxFiFo(PCD_HandleTypeDef *hpcd, uint8_t fifo, uint16_t size)
  90:Drivers/STM32F4xx_HAL_Driver/Src/stm32f4xx_hal_pcd_ex.c **** {
  28              		.loc 1 90 0
  29              		.cfi_startproc
  30              		@ args = 0, pretend = 0, frame = 16
  31              		@ frame_needed = 1, uses_anonymous_args = 0
  32              		@ link register save eliminated.
  33 0000 80B4     		push	{r7}
  34              	.LCFI0:
  35              		.cfi_def_cfa_offset 4
  36              		.cfi_offset 7, -4
  37 0002 85B0     		sub	sp, sp, #20
  38              	.LCFI1:
  39              		.cfi_def_cfa_offset 24
  40 0004 00AF     		add	r7, sp, #0
  41              	.LCFI2:
  42              		.cfi_def_cfa_register 7
  43 0006 7860     		str	r0, [r7, #4]
  44 0008 0B46     		mov	r3, r1
  45 000a FB70     		strb	r3, [r7, #3]
  46 000c 1346     		mov	r3, r2	@ movhi
  47 000e 3B80     		strh	r3, [r7]	@ movhi
  91:Drivers/STM32F4xx_HAL_Driver/Src/stm32f4xx_hal_pcd_ex.c ****   uint8_t i = 0;
  48              		.loc 1 91 0
  49 0010 0023     		movs	r3, #0
  50 0012 FB73     		strb	r3, [r7, #15]
  92:Drivers/STM32F4xx_HAL_Driver/Src/stm32f4xx_hal_pcd_ex.c ****   uint32_t Tx_Offset = 0U;
  51              		.loc 1 92 0
  52 0014 0023     		movs	r3, #0
  53 0016 BB60     		str	r3, [r7, #8]
  93:Drivers/STM32F4xx_HAL_Driver/Src/stm32f4xx_hal_pcd_ex.c **** 
  94:Drivers/STM32F4xx_HAL_Driver/Src/stm32f4xx_hal_pcd_ex.c ****   /*  TXn min size = 16 words. (n  : Transmit FIFO index)
  95:Drivers/STM32F4xx_HAL_Driver/Src/stm32f4xx_hal_pcd_ex.c ****       When a TxFIFO is not used, the Configuration should be as follows: 
  96:Drivers/STM32F4xx_HAL_Driver/Src/stm32f4xx_hal_pcd_ex.c ****           case 1 :  n > m    and Txn is not used    (n,m  : Transmit FIFO indexes)
  97:Drivers/STM32F4xx_HAL_Driver/Src/stm32f4xx_hal_pcd_ex.c ****          --> Txm can use the space allocated for Txn.
  98:Drivers/STM32F4xx_HAL_Driver/Src/stm32f4xx_hal_pcd_ex.c ****          case2  :  n < m    and Txn is not used    (n,m  : Transmit FIFO indexes)
  99:Drivers/STM32F4xx_HAL_Driver/Src/stm32f4xx_hal_pcd_ex.c ****          --> Txn should be configured with the minimum space of 16 words
 100:Drivers/STM32F4xx_HAL_Driver/Src/stm32f4xx_hal_pcd_ex.c ****      The FIFO is used optimally when used TxFIFOs are allocated in the top 
 101:Drivers/STM32F4xx_HAL_Driver/Src/stm32f4xx_hal_pcd_ex.c ****          of the FIFO.Ex: use EP1 and EP2 as IN instead of EP1 and EP3 as IN ones.
 102:Drivers/STM32F4xx_HAL_Driver/Src/stm32f4xx_hal_pcd_ex.c ****      When DMA is used 3n * FIFO locations should be reserved for internal DMA registers */
 103:Drivers/STM32F4xx_HAL_Driver/Src/stm32f4xx_hal_pcd_ex.c ****   
 104:Drivers/STM32F4xx_HAL_Driver/Src/stm32f4xx_hal_pcd_ex.c ****   Tx_Offset = hpcd->Instance->GRXFSIZ;
  54              		.loc 1 104 0
  55 0018 7B68     		ldr	r3, [r7, #4]
  56 001a 1B68     		ldr	r3, [r3]
  57 001c 5B6A     		ldr	r3, [r3, #36]
  58 001e BB60     		str	r3, [r7, #8]
 105:Drivers/STM32F4xx_HAL_Driver/Src/stm32f4xx_hal_pcd_ex.c ****   
 106:Drivers/STM32F4xx_HAL_Driver/Src/stm32f4xx_hal_pcd_ex.c ****   if(fifo == 0)
  59              		.loc 1 106 0
  60 0020 FB78     		ldrb	r3, [r7, #3]	@ zero_extendqisi2
  61 0022 002B     		cmp	r3, #0
  62 0024 07D1     		bne	.L2
 107:Drivers/STM32F4xx_HAL_Driver/Src/stm32f4xx_hal_pcd_ex.c ****   {
 108:Drivers/STM32F4xx_HAL_Driver/Src/stm32f4xx_hal_pcd_ex.c ****     hpcd->Instance->DIEPTXF0_HNPTXFSIZ = (uint32_t)(((uint32_t)size << 16U) | Tx_Offset);
  63              		.loc 1 108 0
  64 0026 7B68     		ldr	r3, [r7, #4]
ARM GAS  /tmp/ccodxrsG.s 			page 4


  65 0028 1B68     		ldr	r3, [r3]
  66 002a 3A88     		ldrh	r2, [r7]
  67 002c 1104     		lsls	r1, r2, #16
  68 002e BA68     		ldr	r2, [r7, #8]
  69 0030 0A43     		orrs	r2, r2, r1
  70 0032 9A62     		str	r2, [r3, #40]
  71 0034 28E0     		b	.L3
  72              	.L2:
 109:Drivers/STM32F4xx_HAL_Driver/Src/stm32f4xx_hal_pcd_ex.c ****   }
 110:Drivers/STM32F4xx_HAL_Driver/Src/stm32f4xx_hal_pcd_ex.c ****   else
 111:Drivers/STM32F4xx_HAL_Driver/Src/stm32f4xx_hal_pcd_ex.c ****   {
 112:Drivers/STM32F4xx_HAL_Driver/Src/stm32f4xx_hal_pcd_ex.c ****     Tx_Offset += (hpcd->Instance->DIEPTXF0_HNPTXFSIZ) >> 16U;
  73              		.loc 1 112 0
  74 0036 7B68     		ldr	r3, [r7, #4]
  75 0038 1B68     		ldr	r3, [r3]
  76 003a 9B6A     		ldr	r3, [r3, #40]
  77 003c 1B0C     		lsrs	r3, r3, #16
  78 003e BA68     		ldr	r2, [r7, #8]
  79 0040 1344     		add	r3, r3, r2
  80 0042 BB60     		str	r3, [r7, #8]
 113:Drivers/STM32F4xx_HAL_Driver/Src/stm32f4xx_hal_pcd_ex.c ****     for (i = 0; i < (fifo - 1); i++)
  81              		.loc 1 113 0
  82 0044 0023     		movs	r3, #0
  83 0046 FB73     		strb	r3, [r7, #15]
  84 0048 0DE0     		b	.L4
  85              	.L5:
 114:Drivers/STM32F4xx_HAL_Driver/Src/stm32f4xx_hal_pcd_ex.c ****     {
 115:Drivers/STM32F4xx_HAL_Driver/Src/stm32f4xx_hal_pcd_ex.c ****       Tx_Offset += (hpcd->Instance->DIEPTXF[i] >> 16U);
  86              		.loc 1 115 0 discriminator 3
  87 004a 7B68     		ldr	r3, [r7, #4]
  88 004c 1A68     		ldr	r2, [r3]
  89 004e FB7B     		ldrb	r3, [r7, #15]	@ zero_extendqisi2
  90 0050 4033     		adds	r3, r3, #64
  91 0052 9B00     		lsls	r3, r3, #2
  92 0054 1344     		add	r3, r3, r2
  93 0056 5B68     		ldr	r3, [r3, #4]
  94 0058 1B0C     		lsrs	r3, r3, #16
  95 005a BA68     		ldr	r2, [r7, #8]
  96 005c 1344     		add	r3, r3, r2
  97 005e BB60     		str	r3, [r7, #8]
 113:Drivers/STM32F4xx_HAL_Driver/Src/stm32f4xx_hal_pcd_ex.c ****     for (i = 0; i < (fifo - 1); i++)
  98              		.loc 1 113 0 discriminator 3
  99 0060 FB7B     		ldrb	r3, [r7, #15]	@ zero_extendqisi2
 100 0062 0133     		adds	r3, r3, #1
 101 0064 FB73     		strb	r3, [r7, #15]
 102              	.L4:
 113:Drivers/STM32F4xx_HAL_Driver/Src/stm32f4xx_hal_pcd_ex.c ****     for (i = 0; i < (fifo - 1); i++)
 103              		.loc 1 113 0 is_stmt 0 discriminator 1
 104 0066 FA7B     		ldrb	r2, [r7, #15]	@ zero_extendqisi2
 105 0068 FB78     		ldrb	r3, [r7, #3]	@ zero_extendqisi2
 106 006a 013B     		subs	r3, r3, #1
 107 006c 9A42     		cmp	r2, r3
 108 006e ECDB     		blt	.L5
 116:Drivers/STM32F4xx_HAL_Driver/Src/stm32f4xx_hal_pcd_ex.c ****     }
 117:Drivers/STM32F4xx_HAL_Driver/Src/stm32f4xx_hal_pcd_ex.c ****     
 118:Drivers/STM32F4xx_HAL_Driver/Src/stm32f4xx_hal_pcd_ex.c ****     /* Multiply Tx_Size by 2 to get higher performance */
 119:Drivers/STM32F4xx_HAL_Driver/Src/stm32f4xx_hal_pcd_ex.c ****     hpcd->Instance->DIEPTXF[fifo - 1] = (uint32_t)(((uint32_t)size << 16U) | Tx_Offset);        
ARM GAS  /tmp/ccodxrsG.s 			page 5


 109              		.loc 1 119 0 is_stmt 1
 110 0070 7B68     		ldr	r3, [r7, #4]
 111 0072 1968     		ldr	r1, [r3]
 112 0074 FB78     		ldrb	r3, [r7, #3]	@ zero_extendqisi2
 113 0076 013B     		subs	r3, r3, #1
 114 0078 3A88     		ldrh	r2, [r7]
 115 007a 1004     		lsls	r0, r2, #16
 116 007c BA68     		ldr	r2, [r7, #8]
 117 007e 0243     		orrs	r2, r2, r0
 118 0080 4033     		adds	r3, r3, #64
 119 0082 9B00     		lsls	r3, r3, #2
 120 0084 0B44     		add	r3, r3, r1
 121 0086 5A60     		str	r2, [r3, #4]
 122              	.L3:
 120:Drivers/STM32F4xx_HAL_Driver/Src/stm32f4xx_hal_pcd_ex.c ****   }
 121:Drivers/STM32F4xx_HAL_Driver/Src/stm32f4xx_hal_pcd_ex.c ****   
 122:Drivers/STM32F4xx_HAL_Driver/Src/stm32f4xx_hal_pcd_ex.c ****   return HAL_OK;
 123              		.loc 1 122 0
 124 0088 0023     		movs	r3, #0
 123:Drivers/STM32F4xx_HAL_Driver/Src/stm32f4xx_hal_pcd_ex.c **** }
 125              		.loc 1 123 0
 126 008a 1846     		mov	r0, r3
 127 008c 1437     		adds	r7, r7, #20
 128              	.LCFI3:
 129              		.cfi_def_cfa_offset 4
 130 008e BD46     		mov	sp, r7
 131              	.LCFI4:
 132              		.cfi_def_cfa_register 13
 133              		@ sp needed
 134 0090 5DF8047B 		ldr	r7, [sp], #4
 135              	.LCFI5:
 136              		.cfi_restore 7
 137              		.cfi_def_cfa_offset 0
 138 0094 7047     		bx	lr
 139              		.cfi_endproc
 140              	.LFE124:
 142              		.section	.text.HAL_PCDEx_SetRxFiFo,"ax",%progbits
 143              		.align	1
 144              		.global	HAL_PCDEx_SetRxFiFo
 145              		.syntax unified
 146              		.thumb
 147              		.thumb_func
 148              		.fpu fpv4-sp-d16
 150              	HAL_PCDEx_SetRxFiFo:
 151              	.LFB125:
 124:Drivers/STM32F4xx_HAL_Driver/Src/stm32f4xx_hal_pcd_ex.c **** 
 125:Drivers/STM32F4xx_HAL_Driver/Src/stm32f4xx_hal_pcd_ex.c **** /**
 126:Drivers/STM32F4xx_HAL_Driver/Src/stm32f4xx_hal_pcd_ex.c ****   * @brief  Set Rx FIFO
 127:Drivers/STM32F4xx_HAL_Driver/Src/stm32f4xx_hal_pcd_ex.c ****   * @param  hpcd PCD handle
 128:Drivers/STM32F4xx_HAL_Driver/Src/stm32f4xx_hal_pcd_ex.c ****   * @param  size Size of Rx fifo
 129:Drivers/STM32F4xx_HAL_Driver/Src/stm32f4xx_hal_pcd_ex.c ****   * @retval HAL status
 130:Drivers/STM32F4xx_HAL_Driver/Src/stm32f4xx_hal_pcd_ex.c ****   */
 131:Drivers/STM32F4xx_HAL_Driver/Src/stm32f4xx_hal_pcd_ex.c **** HAL_StatusTypeDef HAL_PCDEx_SetRxFiFo(PCD_HandleTypeDef *hpcd, uint16_t size)
 132:Drivers/STM32F4xx_HAL_Driver/Src/stm32f4xx_hal_pcd_ex.c **** {
 152              		.loc 1 132 0
 153              		.cfi_startproc
 154              		@ args = 0, pretend = 0, frame = 8
ARM GAS  /tmp/ccodxrsG.s 			page 6


 155              		@ frame_needed = 1, uses_anonymous_args = 0
 156              		@ link register save eliminated.
 157 0000 80B4     		push	{r7}
 158              	.LCFI6:
 159              		.cfi_def_cfa_offset 4
 160              		.cfi_offset 7, -4
 161 0002 83B0     		sub	sp, sp, #12
 162              	.LCFI7:
 163              		.cfi_def_cfa_offset 16
 164 0004 00AF     		add	r7, sp, #0
 165              	.LCFI8:
 166              		.cfi_def_cfa_register 7
 167 0006 7860     		str	r0, [r7, #4]
 168 0008 0B46     		mov	r3, r1
 169 000a 7B80     		strh	r3, [r7, #2]	@ movhi
 133:Drivers/STM32F4xx_HAL_Driver/Src/stm32f4xx_hal_pcd_ex.c ****   hpcd->Instance->GRXFSIZ = size;
 170              		.loc 1 133 0
 171 000c 7B68     		ldr	r3, [r7, #4]
 172 000e 1B68     		ldr	r3, [r3]
 173 0010 7A88     		ldrh	r2, [r7, #2]
 174 0012 5A62     		str	r2, [r3, #36]
 134:Drivers/STM32F4xx_HAL_Driver/Src/stm32f4xx_hal_pcd_ex.c ****   
 135:Drivers/STM32F4xx_HAL_Driver/Src/stm32f4xx_hal_pcd_ex.c ****   return HAL_OK;
 175              		.loc 1 135 0
 176 0014 0023     		movs	r3, #0
 136:Drivers/STM32F4xx_HAL_Driver/Src/stm32f4xx_hal_pcd_ex.c **** }
 177              		.loc 1 136 0
 178 0016 1846     		mov	r0, r3
 179 0018 0C37     		adds	r7, r7, #12
 180              	.LCFI9:
 181              		.cfi_def_cfa_offset 4
 182 001a BD46     		mov	sp, r7
 183              	.LCFI10:
 184              		.cfi_def_cfa_register 13
 185              		@ sp needed
 186 001c 5DF8047B 		ldr	r7, [sp], #4
 187              	.LCFI11:
 188              		.cfi_restore 7
 189              		.cfi_def_cfa_offset 0
 190 0020 7047     		bx	lr
 191              		.cfi_endproc
 192              	.LFE125:
 194              		.text
 195              	.Letext0:
 196              		.file 2 "/usr/arm-none-eabi/include/machine/_default_types.h"
 197              		.file 3 "/usr/arm-none-eabi/include/sys/_stdint.h"
 198              		.file 4 "Drivers/CMSIS/Include/core_cm4.h"
 199              		.file 5 "Drivers/CMSIS/Device/ST/STM32F4xx/Include/system_stm32f4xx.h"
 200              		.file 6 "Drivers/CMSIS/Device/ST/STM32F4xx/Include/stm32f429xx.h"
 201              		.file 7 "/usr/arm-none-eabi/include/sys/lock.h"
 202              		.file 8 "/usr/arm-none-eabi/include/sys/_types.h"
 203              		.file 9 "/usr/lib/gcc/arm-none-eabi/6.3.1/include/stddef.h"
 204              		.file 10 "/usr/arm-none-eabi/include/sys/reent.h"
 205              		.file 11 "Drivers/STM32F4xx_HAL_Driver/Inc/stm32f4xx_hal_def.h"
 206              		.file 12 "Drivers/STM32F4xx_HAL_Driver/Inc/stm32f4xx_ll_usb.h"
 207              		.file 13 "Drivers/STM32F4xx_HAL_Driver/Inc/stm32f4xx_hal_pcd.h"
ARM GAS  /tmp/ccodxrsG.s 			page 7


DEFINED SYMBOLS
                            *ABS*:0000000000000000 stm32f4xx_hal_pcd_ex.c
     /tmp/ccodxrsG.s:18     .text.HAL_PCDEx_SetTxFiFo:0000000000000000 $t
     /tmp/ccodxrsG.s:25     .text.HAL_PCDEx_SetTxFiFo:0000000000000000 HAL_PCDEx_SetTxFiFo
     /tmp/ccodxrsG.s:143    .text.HAL_PCDEx_SetRxFiFo:0000000000000000 $t
     /tmp/ccodxrsG.s:150    .text.HAL_PCDEx_SetRxFiFo:0000000000000000 HAL_PCDEx_SetRxFiFo
                     .debug_frame:0000000000000010 $d

NO UNDEFINED SYMBOLS
