ARM GAS  /tmp/cc3jZkeJ.s 			page 1


   1              		.cpu cortex-m4
   2              		.eabi_attribute 27, 1
   3              		.eabi_attribute 28, 1
   4              		.eabi_attribute 20, 1
   5              		.eabi_attribute 21, 1
   6              		.eabi_attribute 23, 3
   7              		.eabi_attribute 24, 1
   8              		.eabi_attribute 25, 1
   9              		.eabi_attribute 26, 1
  10              		.eabi_attribute 30, 6
  11              		.eabi_attribute 34, 1
  12              		.eabi_attribute 18, 4
  13              		.file	"usb_device.c"
  14              		.text
  15              	.Ltext0:
  16              		.cfi_sections	.debug_frame
  17              		.comm	hUsbDeviceHS,548,4
  18              		.section	.text.MX_USB_DEVICE_Init,"ax",%progbits
  19              		.align	1
  20              		.global	MX_USB_DEVICE_Init
  21              		.syntax unified
  22              		.thumb
  23              		.thumb_func
  24              		.fpu fpv4-sp-d16
  26              	MX_USB_DEVICE_Init:
  27              	.LFB124:
  28              		.file 1 "Src/usb_device.c"
   1:Src/usb_device.c **** /**
   2:Src/usb_device.c ****   ******************************************************************************
   3:Src/usb_device.c ****   * @file           : USB_DEVICE  
   4:Src/usb_device.c ****   * @version        : v1.0_Cube
   5:Src/usb_device.c ****   * @brief          : This file implements the USB Device 
   6:Src/usb_device.c ****   ******************************************************************************
   7:Src/usb_device.c ****   * This notice applies to any and all portions of this file
   8:Src/usb_device.c ****   * that are not between comment pairs USER CODE BEGIN and
   9:Src/usb_device.c ****   * USER CODE END. Other portions of this file, whether 
  10:Src/usb_device.c ****   * inserted by the user or by software development tools
  11:Src/usb_device.c ****   * are owned by their respective copyright owners.
  12:Src/usb_device.c ****   *
  13:Src/usb_device.c ****   * Copyright (c) 2017 STMicroelectronics International N.V. 
  14:Src/usb_device.c ****   * All rights reserved.
  15:Src/usb_device.c ****   *
  16:Src/usb_device.c ****   * Redistribution and use in source and binary forms, with or without 
  17:Src/usb_device.c ****   * modification, are permitted, provided that the following conditions are met:
  18:Src/usb_device.c ****   *
  19:Src/usb_device.c ****   * 1. Redistribution of source code must retain the above copyright notice, 
  20:Src/usb_device.c ****   *    this list of conditions and the following disclaimer.
  21:Src/usb_device.c ****   * 2. Redistributions in binary form must reproduce the above copyright notice,
  22:Src/usb_device.c ****   *    this list of conditions and the following disclaimer in the documentation
  23:Src/usb_device.c ****   *    and/or other materials provided with the distribution.
  24:Src/usb_device.c ****   * 3. Neither the name of STMicroelectronics nor the names of other 
  25:Src/usb_device.c ****   *    contributors to this software may be used to endorse or promote products 
  26:Src/usb_device.c ****   *    derived from this software without specific written permission.
  27:Src/usb_device.c ****   * 4. This software, including modifications and/or derivative works of this 
  28:Src/usb_device.c ****   *    software, must execute solely and exclusively on microcontroller or
  29:Src/usb_device.c ****   *    microprocessor devices manufactured by or for STMicroelectronics.
  30:Src/usb_device.c ****   * 5. Redistribution and use of this software other than as permitted under 
ARM GAS  /tmp/cc3jZkeJ.s 			page 2


  31:Src/usb_device.c ****   *    this license is void and will automatically terminate your rights under 
  32:Src/usb_device.c ****   *    this license. 
  33:Src/usb_device.c ****   *
  34:Src/usb_device.c ****   * THIS SOFTWARE IS PROVIDED BY STMICROELECTRONICS AND CONTRIBUTORS "AS IS" 
  35:Src/usb_device.c ****   * AND ANY EXPRESS, IMPLIED OR STATUTORY WARRANTIES, INCLUDING, BUT NOT 
  36:Src/usb_device.c ****   * LIMITED TO, THE IMPLIED WARRANTIES OF MERCHANTABILITY, FITNESS FOR A 
  37:Src/usb_device.c ****   * PARTICULAR PURPOSE AND NON-INFRINGEMENT OF THIRD PARTY INTELLECTUAL PROPERTY
  38:Src/usb_device.c ****   * RIGHTS ARE DISCLAIMED TO THE FULLEST EXTENT PERMITTED BY LAW. IN NO EVENT 
  39:Src/usb_device.c ****   * SHALL STMICROELECTRONICS OR CONTRIBUTORS BE LIABLE FOR ANY DIRECT, INDIRECT,
  40:Src/usb_device.c ****   * INCIDENTAL, SPECIAL, EXEMPLARY, OR CONSEQUENTIAL DAMAGES (INCLUDING, BUT NOT
  41:Src/usb_device.c ****   * LIMITED TO, PROCUREMENT OF SUBSTITUTE GOODS OR SERVICES; LOSS OF USE, DATA, 
  42:Src/usb_device.c ****   * OR PROFITS; OR BUSINESS INTERRUPTION) HOWEVER CAUSED AND ON ANY THEORY OF 
  43:Src/usb_device.c ****   * LIABILITY, WHETHER IN CONTRACT, STRICT LIABILITY, OR TORT (INCLUDING 
  44:Src/usb_device.c ****   * NEGLIGENCE OR OTHERWISE) ARISING IN ANY WAY OUT OF THE USE OF THIS SOFTWARE,
  45:Src/usb_device.c ****   * EVEN IF ADVISED OF THE POSSIBILITY OF SUCH DAMAGE.
  46:Src/usb_device.c ****   *
  47:Src/usb_device.c ****   ******************************************************************************
  48:Src/usb_device.c **** */
  49:Src/usb_device.c **** 
  50:Src/usb_device.c **** /* Includes ------------------------------------------------------------------*/
  51:Src/usb_device.c **** 
  52:Src/usb_device.c **** #include "usb_device.h"
  53:Src/usb_device.c **** #include "usbd_core.h"
  54:Src/usb_device.c **** #include "usbd_desc.h"
  55:Src/usb_device.c **** #include "usbd_cdc.h"
  56:Src/usb_device.c **** #include "usbd_cdc_if.h"
  57:Src/usb_device.c **** 
  58:Src/usb_device.c **** /* USB Device Core handle declaration */
  59:Src/usb_device.c **** USBD_HandleTypeDef hUsbDeviceHS;
  60:Src/usb_device.c **** 
  61:Src/usb_device.c **** /* init function */                                        
  62:Src/usb_device.c **** void MX_USB_DEVICE_Init(void)
  63:Src/usb_device.c **** {
  29              		.loc 1 63 0
  30              		.cfi_startproc
  31              		@ args = 0, pretend = 0, frame = 0
  32              		@ frame_needed = 1, uses_anonymous_args = 0
  33 0000 80B5     		push	{r7, lr}
  34              	.LCFI0:
  35              		.cfi_def_cfa_offset 8
  36              		.cfi_offset 7, -8
  37              		.cfi_offset 14, -4
  38 0002 00AF     		add	r7, sp, #0
  39              	.LCFI1:
  40              		.cfi_def_cfa_register 7
  64:Src/usb_device.c ****   /* USER CODE BEGIN USB_DEVICE_Init_PreTreatment */
  65:Src/usb_device.c ****   
  66:Src/usb_device.c ****   /* USER CODE END USB_DEVICE_Init_PreTreatment */
  67:Src/usb_device.c ****   
  68:Src/usb_device.c ****   /* Init Device Library,Add Supported Class and Start the library*/
  69:Src/usb_device.c ****   USBD_Init(&hUsbDeviceHS, &HS_Desc, DEVICE_HS);
  41              		.loc 1 69 0
  42 0004 0122     		movs	r2, #1
  43 0006 0849     		ldr	r1, .L2
  44 0008 0848     		ldr	r0, .L2+4
  45 000a FFF7FEFF 		bl	USBD_Init
  70:Src/usb_device.c **** 
ARM GAS  /tmp/cc3jZkeJ.s 			page 3


  71:Src/usb_device.c ****   USBD_RegisterClass(&hUsbDeviceHS, &USBD_CDC);
  46              		.loc 1 71 0
  47 000e 0849     		ldr	r1, .L2+8
  48 0010 0648     		ldr	r0, .L2+4
  49 0012 FFF7FEFF 		bl	USBD_RegisterClass
  72:Src/usb_device.c **** 
  73:Src/usb_device.c ****   USBD_CDC_RegisterInterface(&hUsbDeviceHS, &USBD_Interface_fops_HS);
  50              		.loc 1 73 0
  51 0016 0749     		ldr	r1, .L2+12
  52 0018 0448     		ldr	r0, .L2+4
  53 001a FFF7FEFF 		bl	USBD_CDC_RegisterInterface
  74:Src/usb_device.c **** 
  75:Src/usb_device.c ****   USBD_Start(&hUsbDeviceHS);
  54              		.loc 1 75 0
  55 001e 0348     		ldr	r0, .L2+4
  56 0020 FFF7FEFF 		bl	USBD_Start
  76:Src/usb_device.c **** 
  77:Src/usb_device.c ****   /* USER CODE BEGIN USB_DEVICE_Init_PostTreatment */
  78:Src/usb_device.c ****   
  79:Src/usb_device.c ****   /* USER CODE END USB_DEVICE_Init_PostTreatment */
  80:Src/usb_device.c **** }
  57              		.loc 1 80 0
  58 0024 00BF     		nop
  59 0026 80BD     		pop	{r7, pc}
  60              	.L3:
  61              		.align	2
  62              	.L2:
  63 0028 00000000 		.word	HS_Desc
  64 002c 00000000 		.word	hUsbDeviceHS
  65 0030 00000000 		.word	USBD_CDC
  66 0034 00000000 		.word	USBD_Interface_fops_HS
  67              		.cfi_endproc
  68              	.LFE124:
  70              		.text
  71              	.Letext0:
  72              		.file 2 "/usr/arm-none-eabi/include/machine/_default_types.h"
  73              		.file 3 "/usr/arm-none-eabi/include/sys/_stdint.h"
  74              		.file 4 "Drivers/CMSIS/Include/core_cm4.h"
  75              		.file 5 "Drivers/CMSIS/Device/ST/STM32F4xx/Include/system_stm32f4xx.h"
  76              		.file 6 "/usr/arm-none-eabi/include/sys/lock.h"
  77              		.file 7 "/usr/arm-none-eabi/include/sys/_types.h"
  78              		.file 8 "/usr/lib/gcc/arm-none-eabi/6.3.1/include/stddef.h"
  79              		.file 9 "/usr/arm-none-eabi/include/sys/reent.h"
  80              		.file 10 "/usr/arm-none-eabi/include/stdlib.h"
  81              		.file 11 "Middlewares/ST/STM32_USB_Device_Library/Core/Inc/usbd_def.h"
  82              		.file 12 "Inc/usb_device.h"
  83              		.file 13 "Inc/usbd_desc.h"
  84              		.file 14 "Middlewares/ST/STM32_USB_Device_Library/Class/CDC/Inc/usbd_cdc.h"
  85              		.file 15 "Inc/usbd_cdc_if.h"
ARM GAS  /tmp/cc3jZkeJ.s 			page 4


DEFINED SYMBOLS
                            *ABS*:0000000000000000 usb_device.c
                            *COM*:0000000000000224 hUsbDeviceHS
     /tmp/cc3jZkeJ.s:19     .text.MX_USB_DEVICE_Init:0000000000000000 $t
     /tmp/cc3jZkeJ.s:26     .text.MX_USB_DEVICE_Init:0000000000000000 MX_USB_DEVICE_Init
     /tmp/cc3jZkeJ.s:63     .text.MX_USB_DEVICE_Init:0000000000000028 $d
                     .debug_frame:0000000000000010 $d

UNDEFINED SYMBOLS
USBD_Init
USBD_RegisterClass
USBD_CDC_RegisterInterface
USBD_Start
HS_Desc
USBD_CDC
USBD_Interface_fops_HS
