ARM GAS  /tmp/ccHmlBSD.s 			page 1


   1              		.cpu cortex-m4
   2              		.eabi_attribute 27, 1
   3              		.eabi_attribute 28, 1
   4              		.eabi_attribute 20, 1
   5              		.eabi_attribute 21, 1
   6              		.eabi_attribute 23, 3
   7              		.eabi_attribute 24, 1
   8              		.eabi_attribute 25, 1
   9              		.eabi_attribute 26, 1
  10              		.eabi_attribute 30, 6
  11              		.eabi_attribute 34, 1
  12              		.eabi_attribute 18, 4
  13              		.file	"usbd_ioreq.c"
  14              		.text
  15              	.Ltext0:
  16              		.cfi_sections	.debug_frame
  17              		.section	.text.USBD_CtlSendData,"ax",%progbits
  18              		.align	1
  19              		.global	USBD_CtlSendData
  20              		.syntax unified
  21              		.thumb
  22              		.thumb_func
  23              		.fpu fpv4-sp-d16
  25              	USBD_CtlSendData:
  26              	.LFB124:
  27              		.file 1 "Middlewares/ST/STM32_USB_Device_Library/Core/Src/usbd_ioreq.c"
   1:Middlewares/ST/STM32_USB_Device_Library/Core/Src/usbd_ioreq.c **** /**
   2:Middlewares/ST/STM32_USB_Device_Library/Core/Src/usbd_ioreq.c ****   ******************************************************************************
   3:Middlewares/ST/STM32_USB_Device_Library/Core/Src/usbd_ioreq.c ****   * @file    usbd_ioreq.c
   4:Middlewares/ST/STM32_USB_Device_Library/Core/Src/usbd_ioreq.c ****   * @author  MCD Application Team
   5:Middlewares/ST/STM32_USB_Device_Library/Core/Src/usbd_ioreq.c ****   * @version V2.4.2
   6:Middlewares/ST/STM32_USB_Device_Library/Core/Src/usbd_ioreq.c ****   * @date    11-December-2015
   7:Middlewares/ST/STM32_USB_Device_Library/Core/Src/usbd_ioreq.c ****   * @brief   This file provides the IO requests APIs for control endpoints.
   8:Middlewares/ST/STM32_USB_Device_Library/Core/Src/usbd_ioreq.c ****   ******************************************************************************
   9:Middlewares/ST/STM32_USB_Device_Library/Core/Src/usbd_ioreq.c ****   * @attention
  10:Middlewares/ST/STM32_USB_Device_Library/Core/Src/usbd_ioreq.c ****   *
  11:Middlewares/ST/STM32_USB_Device_Library/Core/Src/usbd_ioreq.c ****   * <h2><center>&copy; COPYRIGHT 2015 STMicroelectronics</center></h2>
  12:Middlewares/ST/STM32_USB_Device_Library/Core/Src/usbd_ioreq.c ****   *
  13:Middlewares/ST/STM32_USB_Device_Library/Core/Src/usbd_ioreq.c ****   * Licensed under MCD-ST Liberty SW License Agreement V2, (the "License");
  14:Middlewares/ST/STM32_USB_Device_Library/Core/Src/usbd_ioreq.c ****   * You may not use this file except in compliance with the License.
  15:Middlewares/ST/STM32_USB_Device_Library/Core/Src/usbd_ioreq.c ****   * You may obtain a copy of the License at:
  16:Middlewares/ST/STM32_USB_Device_Library/Core/Src/usbd_ioreq.c ****   *
  17:Middlewares/ST/STM32_USB_Device_Library/Core/Src/usbd_ioreq.c ****   *        http://www.st.com/software_license_agreement_liberty_v2
  18:Middlewares/ST/STM32_USB_Device_Library/Core/Src/usbd_ioreq.c ****   *
  19:Middlewares/ST/STM32_USB_Device_Library/Core/Src/usbd_ioreq.c ****   * Unless required by applicable law or agreed to in writing, software 
  20:Middlewares/ST/STM32_USB_Device_Library/Core/Src/usbd_ioreq.c ****   * distributed under the License is distributed on an "AS IS" BASIS, 
  21:Middlewares/ST/STM32_USB_Device_Library/Core/Src/usbd_ioreq.c ****   * WITHOUT WARRANTIES OR CONDITIONS OF ANY KIND, either express or implied.
  22:Middlewares/ST/STM32_USB_Device_Library/Core/Src/usbd_ioreq.c ****   * See the License for the specific language governing permissions and
  23:Middlewares/ST/STM32_USB_Device_Library/Core/Src/usbd_ioreq.c ****   * limitations under the License.
  24:Middlewares/ST/STM32_USB_Device_Library/Core/Src/usbd_ioreq.c ****   *
  25:Middlewares/ST/STM32_USB_Device_Library/Core/Src/usbd_ioreq.c ****   ******************************************************************************
  26:Middlewares/ST/STM32_USB_Device_Library/Core/Src/usbd_ioreq.c ****   */ 
  27:Middlewares/ST/STM32_USB_Device_Library/Core/Src/usbd_ioreq.c **** 
  28:Middlewares/ST/STM32_USB_Device_Library/Core/Src/usbd_ioreq.c **** /* Includes ------------------------------------------------------------------*/
  29:Middlewares/ST/STM32_USB_Device_Library/Core/Src/usbd_ioreq.c **** #include "usbd_ioreq.h"
  30:Middlewares/ST/STM32_USB_Device_Library/Core/Src/usbd_ioreq.c **** 
  31:Middlewares/ST/STM32_USB_Device_Library/Core/Src/usbd_ioreq.c **** /** @addtogroup STM32_USB_DEVICE_LIBRARY
ARM GAS  /tmp/ccHmlBSD.s 			page 2


  32:Middlewares/ST/STM32_USB_Device_Library/Core/Src/usbd_ioreq.c ****   * @{
  33:Middlewares/ST/STM32_USB_Device_Library/Core/Src/usbd_ioreq.c ****   */
  34:Middlewares/ST/STM32_USB_Device_Library/Core/Src/usbd_ioreq.c **** 
  35:Middlewares/ST/STM32_USB_Device_Library/Core/Src/usbd_ioreq.c **** 
  36:Middlewares/ST/STM32_USB_Device_Library/Core/Src/usbd_ioreq.c **** /** @defgroup USBD_IOREQ 
  37:Middlewares/ST/STM32_USB_Device_Library/Core/Src/usbd_ioreq.c ****   * @brief control I/O requests module
  38:Middlewares/ST/STM32_USB_Device_Library/Core/Src/usbd_ioreq.c ****   * @{
  39:Middlewares/ST/STM32_USB_Device_Library/Core/Src/usbd_ioreq.c ****   */ 
  40:Middlewares/ST/STM32_USB_Device_Library/Core/Src/usbd_ioreq.c **** 
  41:Middlewares/ST/STM32_USB_Device_Library/Core/Src/usbd_ioreq.c **** /** @defgroup USBD_IOREQ_Private_TypesDefinitions
  42:Middlewares/ST/STM32_USB_Device_Library/Core/Src/usbd_ioreq.c ****   * @{
  43:Middlewares/ST/STM32_USB_Device_Library/Core/Src/usbd_ioreq.c ****   */ 
  44:Middlewares/ST/STM32_USB_Device_Library/Core/Src/usbd_ioreq.c **** /**
  45:Middlewares/ST/STM32_USB_Device_Library/Core/Src/usbd_ioreq.c ****   * @}
  46:Middlewares/ST/STM32_USB_Device_Library/Core/Src/usbd_ioreq.c ****   */ 
  47:Middlewares/ST/STM32_USB_Device_Library/Core/Src/usbd_ioreq.c **** 
  48:Middlewares/ST/STM32_USB_Device_Library/Core/Src/usbd_ioreq.c **** 
  49:Middlewares/ST/STM32_USB_Device_Library/Core/Src/usbd_ioreq.c **** /** @defgroup USBD_IOREQ_Private_Defines
  50:Middlewares/ST/STM32_USB_Device_Library/Core/Src/usbd_ioreq.c ****   * @{
  51:Middlewares/ST/STM32_USB_Device_Library/Core/Src/usbd_ioreq.c ****   */ 
  52:Middlewares/ST/STM32_USB_Device_Library/Core/Src/usbd_ioreq.c **** 
  53:Middlewares/ST/STM32_USB_Device_Library/Core/Src/usbd_ioreq.c **** /**
  54:Middlewares/ST/STM32_USB_Device_Library/Core/Src/usbd_ioreq.c ****   * @}
  55:Middlewares/ST/STM32_USB_Device_Library/Core/Src/usbd_ioreq.c ****   */ 
  56:Middlewares/ST/STM32_USB_Device_Library/Core/Src/usbd_ioreq.c **** 
  57:Middlewares/ST/STM32_USB_Device_Library/Core/Src/usbd_ioreq.c **** 
  58:Middlewares/ST/STM32_USB_Device_Library/Core/Src/usbd_ioreq.c **** /** @defgroup USBD_IOREQ_Private_Macros
  59:Middlewares/ST/STM32_USB_Device_Library/Core/Src/usbd_ioreq.c ****   * @{
  60:Middlewares/ST/STM32_USB_Device_Library/Core/Src/usbd_ioreq.c ****   */ 
  61:Middlewares/ST/STM32_USB_Device_Library/Core/Src/usbd_ioreq.c **** /**
  62:Middlewares/ST/STM32_USB_Device_Library/Core/Src/usbd_ioreq.c ****   * @}
  63:Middlewares/ST/STM32_USB_Device_Library/Core/Src/usbd_ioreq.c ****   */ 
  64:Middlewares/ST/STM32_USB_Device_Library/Core/Src/usbd_ioreq.c **** 
  65:Middlewares/ST/STM32_USB_Device_Library/Core/Src/usbd_ioreq.c **** 
  66:Middlewares/ST/STM32_USB_Device_Library/Core/Src/usbd_ioreq.c **** /** @defgroup USBD_IOREQ_Private_Variables
  67:Middlewares/ST/STM32_USB_Device_Library/Core/Src/usbd_ioreq.c ****   * @{
  68:Middlewares/ST/STM32_USB_Device_Library/Core/Src/usbd_ioreq.c ****   */ 
  69:Middlewares/ST/STM32_USB_Device_Library/Core/Src/usbd_ioreq.c **** 
  70:Middlewares/ST/STM32_USB_Device_Library/Core/Src/usbd_ioreq.c **** /**
  71:Middlewares/ST/STM32_USB_Device_Library/Core/Src/usbd_ioreq.c ****   * @}
  72:Middlewares/ST/STM32_USB_Device_Library/Core/Src/usbd_ioreq.c ****   */ 
  73:Middlewares/ST/STM32_USB_Device_Library/Core/Src/usbd_ioreq.c **** 
  74:Middlewares/ST/STM32_USB_Device_Library/Core/Src/usbd_ioreq.c **** 
  75:Middlewares/ST/STM32_USB_Device_Library/Core/Src/usbd_ioreq.c **** /** @defgroup USBD_IOREQ_Private_FunctionPrototypes
  76:Middlewares/ST/STM32_USB_Device_Library/Core/Src/usbd_ioreq.c ****   * @{
  77:Middlewares/ST/STM32_USB_Device_Library/Core/Src/usbd_ioreq.c ****   */ 
  78:Middlewares/ST/STM32_USB_Device_Library/Core/Src/usbd_ioreq.c **** /**
  79:Middlewares/ST/STM32_USB_Device_Library/Core/Src/usbd_ioreq.c ****   * @}
  80:Middlewares/ST/STM32_USB_Device_Library/Core/Src/usbd_ioreq.c ****   */ 
  81:Middlewares/ST/STM32_USB_Device_Library/Core/Src/usbd_ioreq.c **** 
  82:Middlewares/ST/STM32_USB_Device_Library/Core/Src/usbd_ioreq.c **** 
  83:Middlewares/ST/STM32_USB_Device_Library/Core/Src/usbd_ioreq.c **** /** @defgroup USBD_IOREQ_Private_Functions
  84:Middlewares/ST/STM32_USB_Device_Library/Core/Src/usbd_ioreq.c ****   * @{
  85:Middlewares/ST/STM32_USB_Device_Library/Core/Src/usbd_ioreq.c ****   */ 
  86:Middlewares/ST/STM32_USB_Device_Library/Core/Src/usbd_ioreq.c **** 
  87:Middlewares/ST/STM32_USB_Device_Library/Core/Src/usbd_ioreq.c **** /**
  88:Middlewares/ST/STM32_USB_Device_Library/Core/Src/usbd_ioreq.c **** * @brief  USBD_CtlSendData
ARM GAS  /tmp/ccHmlBSD.s 			page 3


  89:Middlewares/ST/STM32_USB_Device_Library/Core/Src/usbd_ioreq.c **** *         send data on the ctl pipe
  90:Middlewares/ST/STM32_USB_Device_Library/Core/Src/usbd_ioreq.c **** * @param  pdev: device instance
  91:Middlewares/ST/STM32_USB_Device_Library/Core/Src/usbd_ioreq.c **** * @param  buff: pointer to data buffer
  92:Middlewares/ST/STM32_USB_Device_Library/Core/Src/usbd_ioreq.c **** * @param  len: length of data to be sent
  93:Middlewares/ST/STM32_USB_Device_Library/Core/Src/usbd_ioreq.c **** * @retval status
  94:Middlewares/ST/STM32_USB_Device_Library/Core/Src/usbd_ioreq.c **** */
  95:Middlewares/ST/STM32_USB_Device_Library/Core/Src/usbd_ioreq.c **** USBD_StatusTypeDef  USBD_CtlSendData (USBD_HandleTypeDef  *pdev, 
  96:Middlewares/ST/STM32_USB_Device_Library/Core/Src/usbd_ioreq.c ****                                uint8_t *pbuf,
  97:Middlewares/ST/STM32_USB_Device_Library/Core/Src/usbd_ioreq.c ****                                uint16_t len)
  98:Middlewares/ST/STM32_USB_Device_Library/Core/Src/usbd_ioreq.c **** {
  28              		.loc 1 98 0
  29              		.cfi_startproc
  30              		@ args = 0, pretend = 0, frame = 16
  31              		@ frame_needed = 1, uses_anonymous_args = 0
  32 0000 80B5     		push	{r7, lr}
  33              	.LCFI0:
  34              		.cfi_def_cfa_offset 8
  35              		.cfi_offset 7, -8
  36              		.cfi_offset 14, -4
  37 0002 84B0     		sub	sp, sp, #16
  38              	.LCFI1:
  39              		.cfi_def_cfa_offset 24
  40 0004 00AF     		add	r7, sp, #0
  41              	.LCFI2:
  42              		.cfi_def_cfa_register 7
  43 0006 F860     		str	r0, [r7, #12]
  44 0008 B960     		str	r1, [r7, #8]
  45 000a 1346     		mov	r3, r2
  46 000c FB80     		strh	r3, [r7, #6]	@ movhi
  99:Middlewares/ST/STM32_USB_Device_Library/Core/Src/usbd_ioreq.c ****   /* Set EP0 State */
 100:Middlewares/ST/STM32_USB_Device_Library/Core/Src/usbd_ioreq.c ****   pdev->ep0_state          = USBD_EP0_DATA_IN;                                      
  47              		.loc 1 100 0
  48 000e FB68     		ldr	r3, [r7, #12]
  49 0010 0222     		movs	r2, #2
  50 0012 C3F8F421 		str	r2, [r3, #500]
 101:Middlewares/ST/STM32_USB_Device_Library/Core/Src/usbd_ioreq.c ****   pdev->ep_in[0].total_length = len;
  51              		.loc 1 101 0
  52 0016 FA88     		ldrh	r2, [r7, #6]
  53 0018 FB68     		ldr	r3, [r7, #12]
  54 001a 9A61     		str	r2, [r3, #24]
 102:Middlewares/ST/STM32_USB_Device_Library/Core/Src/usbd_ioreq.c ****   pdev->ep_in[0].rem_length   = len;
  55              		.loc 1 102 0
  56 001c FA88     		ldrh	r2, [r7, #6]
  57 001e FB68     		ldr	r3, [r7, #12]
  58 0020 DA61     		str	r2, [r3, #28]
 103:Middlewares/ST/STM32_USB_Device_Library/Core/Src/usbd_ioreq.c ****  /* Start the transfer */
 104:Middlewares/ST/STM32_USB_Device_Library/Core/Src/usbd_ioreq.c ****   USBD_LL_Transmit (pdev, 0x00, pbuf, len);  
  59              		.loc 1 104 0
  60 0022 FB88     		ldrh	r3, [r7, #6]
  61 0024 BA68     		ldr	r2, [r7, #8]
  62 0026 0021     		movs	r1, #0
  63 0028 F868     		ldr	r0, [r7, #12]
  64 002a FFF7FEFF 		bl	USBD_LL_Transmit
 105:Middlewares/ST/STM32_USB_Device_Library/Core/Src/usbd_ioreq.c ****   
 106:Middlewares/ST/STM32_USB_Device_Library/Core/Src/usbd_ioreq.c ****   return USBD_OK;
  65              		.loc 1 106 0
  66 002e 0023     		movs	r3, #0
ARM GAS  /tmp/ccHmlBSD.s 			page 4


 107:Middlewares/ST/STM32_USB_Device_Library/Core/Src/usbd_ioreq.c **** }
  67              		.loc 1 107 0
  68 0030 1846     		mov	r0, r3
  69 0032 1037     		adds	r7, r7, #16
  70              	.LCFI3:
  71              		.cfi_def_cfa_offset 8
  72 0034 BD46     		mov	sp, r7
  73              	.LCFI4:
  74              		.cfi_def_cfa_register 13
  75              		@ sp needed
  76 0036 80BD     		pop	{r7, pc}
  77              		.cfi_endproc
  78              	.LFE124:
  80              		.section	.text.USBD_CtlContinueSendData,"ax",%progbits
  81              		.align	1
  82              		.global	USBD_CtlContinueSendData
  83              		.syntax unified
  84              		.thumb
  85              		.thumb_func
  86              		.fpu fpv4-sp-d16
  88              	USBD_CtlContinueSendData:
  89              	.LFB125:
 108:Middlewares/ST/STM32_USB_Device_Library/Core/Src/usbd_ioreq.c **** 
 109:Middlewares/ST/STM32_USB_Device_Library/Core/Src/usbd_ioreq.c **** /**
 110:Middlewares/ST/STM32_USB_Device_Library/Core/Src/usbd_ioreq.c **** * @brief  USBD_CtlContinueSendData
 111:Middlewares/ST/STM32_USB_Device_Library/Core/Src/usbd_ioreq.c **** *         continue sending data on the ctl pipe
 112:Middlewares/ST/STM32_USB_Device_Library/Core/Src/usbd_ioreq.c **** * @param  pdev: device instance
 113:Middlewares/ST/STM32_USB_Device_Library/Core/Src/usbd_ioreq.c **** * @param  buff: pointer to data buffer
 114:Middlewares/ST/STM32_USB_Device_Library/Core/Src/usbd_ioreq.c **** * @param  len: length of data to be sent
 115:Middlewares/ST/STM32_USB_Device_Library/Core/Src/usbd_ioreq.c **** * @retval status
 116:Middlewares/ST/STM32_USB_Device_Library/Core/Src/usbd_ioreq.c **** */
 117:Middlewares/ST/STM32_USB_Device_Library/Core/Src/usbd_ioreq.c **** USBD_StatusTypeDef  USBD_CtlContinueSendData (USBD_HandleTypeDef  *pdev, 
 118:Middlewares/ST/STM32_USB_Device_Library/Core/Src/usbd_ioreq.c ****                                        uint8_t *pbuf,
 119:Middlewares/ST/STM32_USB_Device_Library/Core/Src/usbd_ioreq.c ****                                        uint16_t len)
 120:Middlewares/ST/STM32_USB_Device_Library/Core/Src/usbd_ioreq.c **** {
  90              		.loc 1 120 0
  91              		.cfi_startproc
  92              		@ args = 0, pretend = 0, frame = 16
  93              		@ frame_needed = 1, uses_anonymous_args = 0
  94 0000 80B5     		push	{r7, lr}
  95              	.LCFI5:
  96              		.cfi_def_cfa_offset 8
  97              		.cfi_offset 7, -8
  98              		.cfi_offset 14, -4
  99 0002 84B0     		sub	sp, sp, #16
 100              	.LCFI6:
 101              		.cfi_def_cfa_offset 24
 102 0004 00AF     		add	r7, sp, #0
 103              	.LCFI7:
 104              		.cfi_def_cfa_register 7
 105 0006 F860     		str	r0, [r7, #12]
 106 0008 B960     		str	r1, [r7, #8]
 107 000a 1346     		mov	r3, r2
 108 000c FB80     		strh	r3, [r7, #6]	@ movhi
 121:Middlewares/ST/STM32_USB_Device_Library/Core/Src/usbd_ioreq.c ****  /* Start the next transfer */
 122:Middlewares/ST/STM32_USB_Device_Library/Core/Src/usbd_ioreq.c ****   USBD_LL_Transmit (pdev, 0x00, pbuf, len);   
 109              		.loc 1 122 0
ARM GAS  /tmp/ccHmlBSD.s 			page 5


 110 000e FB88     		ldrh	r3, [r7, #6]
 111 0010 BA68     		ldr	r2, [r7, #8]
 112 0012 0021     		movs	r1, #0
 113 0014 F868     		ldr	r0, [r7, #12]
 114 0016 FFF7FEFF 		bl	USBD_LL_Transmit
 123:Middlewares/ST/STM32_USB_Device_Library/Core/Src/usbd_ioreq.c ****   
 124:Middlewares/ST/STM32_USB_Device_Library/Core/Src/usbd_ioreq.c ****   return USBD_OK;
 115              		.loc 1 124 0
 116 001a 0023     		movs	r3, #0
 125:Middlewares/ST/STM32_USB_Device_Library/Core/Src/usbd_ioreq.c **** }
 117              		.loc 1 125 0
 118 001c 1846     		mov	r0, r3
 119 001e 1037     		adds	r7, r7, #16
 120              	.LCFI8:
 121              		.cfi_def_cfa_offset 8
 122 0020 BD46     		mov	sp, r7
 123              	.LCFI9:
 124              		.cfi_def_cfa_register 13
 125              		@ sp needed
 126 0022 80BD     		pop	{r7, pc}
 127              		.cfi_endproc
 128              	.LFE125:
 130              		.section	.text.USBD_CtlPrepareRx,"ax",%progbits
 131              		.align	1
 132              		.global	USBD_CtlPrepareRx
 133              		.syntax unified
 134              		.thumb
 135              		.thumb_func
 136              		.fpu fpv4-sp-d16
 138              	USBD_CtlPrepareRx:
 139              	.LFB126:
 126:Middlewares/ST/STM32_USB_Device_Library/Core/Src/usbd_ioreq.c **** 
 127:Middlewares/ST/STM32_USB_Device_Library/Core/Src/usbd_ioreq.c **** /**
 128:Middlewares/ST/STM32_USB_Device_Library/Core/Src/usbd_ioreq.c **** * @brief  USBD_CtlPrepareRx
 129:Middlewares/ST/STM32_USB_Device_Library/Core/Src/usbd_ioreq.c **** *         receive data on the ctl pipe
 130:Middlewares/ST/STM32_USB_Device_Library/Core/Src/usbd_ioreq.c **** * @param  pdev: device instance
 131:Middlewares/ST/STM32_USB_Device_Library/Core/Src/usbd_ioreq.c **** * @param  buff: pointer to data buffer
 132:Middlewares/ST/STM32_USB_Device_Library/Core/Src/usbd_ioreq.c **** * @param  len: length of data to be received
 133:Middlewares/ST/STM32_USB_Device_Library/Core/Src/usbd_ioreq.c **** * @retval status
 134:Middlewares/ST/STM32_USB_Device_Library/Core/Src/usbd_ioreq.c **** */
 135:Middlewares/ST/STM32_USB_Device_Library/Core/Src/usbd_ioreq.c **** USBD_StatusTypeDef  USBD_CtlPrepareRx (USBD_HandleTypeDef  *pdev,
 136:Middlewares/ST/STM32_USB_Device_Library/Core/Src/usbd_ioreq.c ****                                   uint8_t *pbuf,                                  
 137:Middlewares/ST/STM32_USB_Device_Library/Core/Src/usbd_ioreq.c ****                                   uint16_t len)
 138:Middlewares/ST/STM32_USB_Device_Library/Core/Src/usbd_ioreq.c **** {
 140              		.loc 1 138 0
 141              		.cfi_startproc
 142              		@ args = 0, pretend = 0, frame = 16
 143              		@ frame_needed = 1, uses_anonymous_args = 0
 144 0000 80B5     		push	{r7, lr}
 145              	.LCFI10:
 146              		.cfi_def_cfa_offset 8
 147              		.cfi_offset 7, -8
 148              		.cfi_offset 14, -4
 149 0002 84B0     		sub	sp, sp, #16
 150              	.LCFI11:
 151              		.cfi_def_cfa_offset 24
 152 0004 00AF     		add	r7, sp, #0
ARM GAS  /tmp/ccHmlBSD.s 			page 6


 153              	.LCFI12:
 154              		.cfi_def_cfa_register 7
 155 0006 F860     		str	r0, [r7, #12]
 156 0008 B960     		str	r1, [r7, #8]
 157 000a 1346     		mov	r3, r2
 158 000c FB80     		strh	r3, [r7, #6]	@ movhi
 139:Middlewares/ST/STM32_USB_Device_Library/Core/Src/usbd_ioreq.c ****   /* Set EP0 State */
 140:Middlewares/ST/STM32_USB_Device_Library/Core/Src/usbd_ioreq.c ****   pdev->ep0_state = USBD_EP0_DATA_OUT; 
 159              		.loc 1 140 0
 160 000e FB68     		ldr	r3, [r7, #12]
 161 0010 0322     		movs	r2, #3
 162 0012 C3F8F421 		str	r2, [r3, #500]
 141:Middlewares/ST/STM32_USB_Device_Library/Core/Src/usbd_ioreq.c ****   pdev->ep_out[0].total_length = len;
 163              		.loc 1 141 0
 164 0016 FA88     		ldrh	r2, [r7, #6]
 165 0018 FB68     		ldr	r3, [r7, #12]
 166 001a C3F80821 		str	r2, [r3, #264]
 142:Middlewares/ST/STM32_USB_Device_Library/Core/Src/usbd_ioreq.c ****   pdev->ep_out[0].rem_length   = len;
 167              		.loc 1 142 0
 168 001e FA88     		ldrh	r2, [r7, #6]
 169 0020 FB68     		ldr	r3, [r7, #12]
 170 0022 C3F80C21 		str	r2, [r3, #268]
 143:Middlewares/ST/STM32_USB_Device_Library/Core/Src/usbd_ioreq.c ****   /* Start the transfer */
 144:Middlewares/ST/STM32_USB_Device_Library/Core/Src/usbd_ioreq.c ****   USBD_LL_PrepareReceive (pdev,
 171              		.loc 1 144 0
 172 0026 FB88     		ldrh	r3, [r7, #6]
 173 0028 BA68     		ldr	r2, [r7, #8]
 174 002a 0021     		movs	r1, #0
 175 002c F868     		ldr	r0, [r7, #12]
 176 002e FFF7FEFF 		bl	USBD_LL_PrepareReceive
 145:Middlewares/ST/STM32_USB_Device_Library/Core/Src/usbd_ioreq.c ****                           0,
 146:Middlewares/ST/STM32_USB_Device_Library/Core/Src/usbd_ioreq.c ****                           pbuf,
 147:Middlewares/ST/STM32_USB_Device_Library/Core/Src/usbd_ioreq.c ****                          len);
 148:Middlewares/ST/STM32_USB_Device_Library/Core/Src/usbd_ioreq.c ****   
 149:Middlewares/ST/STM32_USB_Device_Library/Core/Src/usbd_ioreq.c ****   return USBD_OK;
 177              		.loc 1 149 0
 178 0032 0023     		movs	r3, #0
 150:Middlewares/ST/STM32_USB_Device_Library/Core/Src/usbd_ioreq.c **** }
 179              		.loc 1 150 0
 180 0034 1846     		mov	r0, r3
 181 0036 1037     		adds	r7, r7, #16
 182              	.LCFI13:
 183              		.cfi_def_cfa_offset 8
 184 0038 BD46     		mov	sp, r7
 185              	.LCFI14:
 186              		.cfi_def_cfa_register 13
 187              		@ sp needed
 188 003a 80BD     		pop	{r7, pc}
 189              		.cfi_endproc
 190              	.LFE126:
 192              		.section	.text.USBD_CtlContinueRx,"ax",%progbits
 193              		.align	1
 194              		.global	USBD_CtlContinueRx
 195              		.syntax unified
 196              		.thumb
 197              		.thumb_func
 198              		.fpu fpv4-sp-d16
ARM GAS  /tmp/ccHmlBSD.s 			page 7


 200              	USBD_CtlContinueRx:
 201              	.LFB127:
 151:Middlewares/ST/STM32_USB_Device_Library/Core/Src/usbd_ioreq.c **** 
 152:Middlewares/ST/STM32_USB_Device_Library/Core/Src/usbd_ioreq.c **** /**
 153:Middlewares/ST/STM32_USB_Device_Library/Core/Src/usbd_ioreq.c **** * @brief  USBD_CtlContinueRx
 154:Middlewares/ST/STM32_USB_Device_Library/Core/Src/usbd_ioreq.c **** *         continue receive data on the ctl pipe
 155:Middlewares/ST/STM32_USB_Device_Library/Core/Src/usbd_ioreq.c **** * @param  pdev: device instance
 156:Middlewares/ST/STM32_USB_Device_Library/Core/Src/usbd_ioreq.c **** * @param  buff: pointer to data buffer
 157:Middlewares/ST/STM32_USB_Device_Library/Core/Src/usbd_ioreq.c **** * @param  len: length of data to be received
 158:Middlewares/ST/STM32_USB_Device_Library/Core/Src/usbd_ioreq.c **** * @retval status
 159:Middlewares/ST/STM32_USB_Device_Library/Core/Src/usbd_ioreq.c **** */
 160:Middlewares/ST/STM32_USB_Device_Library/Core/Src/usbd_ioreq.c **** USBD_StatusTypeDef  USBD_CtlContinueRx (USBD_HandleTypeDef  *pdev, 
 161:Middlewares/ST/STM32_USB_Device_Library/Core/Src/usbd_ioreq.c ****                                           uint8_t *pbuf,                                          
 162:Middlewares/ST/STM32_USB_Device_Library/Core/Src/usbd_ioreq.c ****                                           uint16_t len)
 163:Middlewares/ST/STM32_USB_Device_Library/Core/Src/usbd_ioreq.c **** {
 202              		.loc 1 163 0
 203              		.cfi_startproc
 204              		@ args = 0, pretend = 0, frame = 16
 205              		@ frame_needed = 1, uses_anonymous_args = 0
 206 0000 80B5     		push	{r7, lr}
 207              	.LCFI15:
 208              		.cfi_def_cfa_offset 8
 209              		.cfi_offset 7, -8
 210              		.cfi_offset 14, -4
 211 0002 84B0     		sub	sp, sp, #16
 212              	.LCFI16:
 213              		.cfi_def_cfa_offset 24
 214 0004 00AF     		add	r7, sp, #0
 215              	.LCFI17:
 216              		.cfi_def_cfa_register 7
 217 0006 F860     		str	r0, [r7, #12]
 218 0008 B960     		str	r1, [r7, #8]
 219 000a 1346     		mov	r3, r2
 220 000c FB80     		strh	r3, [r7, #6]	@ movhi
 164:Middlewares/ST/STM32_USB_Device_Library/Core/Src/usbd_ioreq.c **** 
 165:Middlewares/ST/STM32_USB_Device_Library/Core/Src/usbd_ioreq.c ****   USBD_LL_PrepareReceive (pdev,
 221              		.loc 1 165 0
 222 000e FB88     		ldrh	r3, [r7, #6]
 223 0010 BA68     		ldr	r2, [r7, #8]
 224 0012 0021     		movs	r1, #0
 225 0014 F868     		ldr	r0, [r7, #12]
 226 0016 FFF7FEFF 		bl	USBD_LL_PrepareReceive
 166:Middlewares/ST/STM32_USB_Device_Library/Core/Src/usbd_ioreq.c ****                           0,                     
 167:Middlewares/ST/STM32_USB_Device_Library/Core/Src/usbd_ioreq.c ****                           pbuf,                         
 168:Middlewares/ST/STM32_USB_Device_Library/Core/Src/usbd_ioreq.c ****                           len);
 169:Middlewares/ST/STM32_USB_Device_Library/Core/Src/usbd_ioreq.c ****   return USBD_OK;
 227              		.loc 1 169 0
 228 001a 0023     		movs	r3, #0
 170:Middlewares/ST/STM32_USB_Device_Library/Core/Src/usbd_ioreq.c **** }
 229              		.loc 1 170 0
 230 001c 1846     		mov	r0, r3
 231 001e 1037     		adds	r7, r7, #16
 232              	.LCFI18:
 233              		.cfi_def_cfa_offset 8
 234 0020 BD46     		mov	sp, r7
 235              	.LCFI19:
 236              		.cfi_def_cfa_register 13
ARM GAS  /tmp/ccHmlBSD.s 			page 8


 237              		@ sp needed
 238 0022 80BD     		pop	{r7, pc}
 239              		.cfi_endproc
 240              	.LFE127:
 242              		.section	.text.USBD_CtlSendStatus,"ax",%progbits
 243              		.align	1
 244              		.global	USBD_CtlSendStatus
 245              		.syntax unified
 246              		.thumb
 247              		.thumb_func
 248              		.fpu fpv4-sp-d16
 250              	USBD_CtlSendStatus:
 251              	.LFB128:
 171:Middlewares/ST/STM32_USB_Device_Library/Core/Src/usbd_ioreq.c **** /**
 172:Middlewares/ST/STM32_USB_Device_Library/Core/Src/usbd_ioreq.c **** * @brief  USBD_CtlSendStatus
 173:Middlewares/ST/STM32_USB_Device_Library/Core/Src/usbd_ioreq.c **** *         send zero lzngth packet on the ctl pipe
 174:Middlewares/ST/STM32_USB_Device_Library/Core/Src/usbd_ioreq.c **** * @param  pdev: device instance
 175:Middlewares/ST/STM32_USB_Device_Library/Core/Src/usbd_ioreq.c **** * @retval status
 176:Middlewares/ST/STM32_USB_Device_Library/Core/Src/usbd_ioreq.c **** */
 177:Middlewares/ST/STM32_USB_Device_Library/Core/Src/usbd_ioreq.c **** USBD_StatusTypeDef  USBD_CtlSendStatus (USBD_HandleTypeDef  *pdev)
 178:Middlewares/ST/STM32_USB_Device_Library/Core/Src/usbd_ioreq.c **** {
 252              		.loc 1 178 0
 253              		.cfi_startproc
 254              		@ args = 0, pretend = 0, frame = 8
 255              		@ frame_needed = 1, uses_anonymous_args = 0
 256 0000 80B5     		push	{r7, lr}
 257              	.LCFI20:
 258              		.cfi_def_cfa_offset 8
 259              		.cfi_offset 7, -8
 260              		.cfi_offset 14, -4
 261 0002 82B0     		sub	sp, sp, #8
 262              	.LCFI21:
 263              		.cfi_def_cfa_offset 16
 264 0004 00AF     		add	r7, sp, #0
 265              	.LCFI22:
 266              		.cfi_def_cfa_register 7
 267 0006 7860     		str	r0, [r7, #4]
 179:Middlewares/ST/STM32_USB_Device_Library/Core/Src/usbd_ioreq.c **** 
 180:Middlewares/ST/STM32_USB_Device_Library/Core/Src/usbd_ioreq.c ****   /* Set EP0 State */
 181:Middlewares/ST/STM32_USB_Device_Library/Core/Src/usbd_ioreq.c ****   pdev->ep0_state = USBD_EP0_STATUS_IN;
 268              		.loc 1 181 0
 269 0008 7B68     		ldr	r3, [r7, #4]
 270 000a 0422     		movs	r2, #4
 271 000c C3F8F421 		str	r2, [r3, #500]
 182:Middlewares/ST/STM32_USB_Device_Library/Core/Src/usbd_ioreq.c ****   
 183:Middlewares/ST/STM32_USB_Device_Library/Core/Src/usbd_ioreq.c ****  /* Start the transfer */
 184:Middlewares/ST/STM32_USB_Device_Library/Core/Src/usbd_ioreq.c ****   USBD_LL_Transmit (pdev, 0x00, NULL, 0);   
 272              		.loc 1 184 0
 273 0010 0023     		movs	r3, #0
 274 0012 0022     		movs	r2, #0
 275 0014 0021     		movs	r1, #0
 276 0016 7868     		ldr	r0, [r7, #4]
 277 0018 FFF7FEFF 		bl	USBD_LL_Transmit
 185:Middlewares/ST/STM32_USB_Device_Library/Core/Src/usbd_ioreq.c ****   
 186:Middlewares/ST/STM32_USB_Device_Library/Core/Src/usbd_ioreq.c ****   return USBD_OK;
 278              		.loc 1 186 0
 279 001c 0023     		movs	r3, #0
ARM GAS  /tmp/ccHmlBSD.s 			page 9


 187:Middlewares/ST/STM32_USB_Device_Library/Core/Src/usbd_ioreq.c **** }
 280              		.loc 1 187 0
 281 001e 1846     		mov	r0, r3
 282 0020 0837     		adds	r7, r7, #8
 283              	.LCFI23:
 284              		.cfi_def_cfa_offset 8
 285 0022 BD46     		mov	sp, r7
 286              	.LCFI24:
 287              		.cfi_def_cfa_register 13
 288              		@ sp needed
 289 0024 80BD     		pop	{r7, pc}
 290              		.cfi_endproc
 291              	.LFE128:
 293              		.section	.text.USBD_CtlReceiveStatus,"ax",%progbits
 294              		.align	1
 295              		.global	USBD_CtlReceiveStatus
 296              		.syntax unified
 297              		.thumb
 298              		.thumb_func
 299              		.fpu fpv4-sp-d16
 301              	USBD_CtlReceiveStatus:
 302              	.LFB129:
 188:Middlewares/ST/STM32_USB_Device_Library/Core/Src/usbd_ioreq.c **** 
 189:Middlewares/ST/STM32_USB_Device_Library/Core/Src/usbd_ioreq.c **** /**
 190:Middlewares/ST/STM32_USB_Device_Library/Core/Src/usbd_ioreq.c **** * @brief  USBD_CtlReceiveStatus
 191:Middlewares/ST/STM32_USB_Device_Library/Core/Src/usbd_ioreq.c **** *         receive zero lzngth packet on the ctl pipe
 192:Middlewares/ST/STM32_USB_Device_Library/Core/Src/usbd_ioreq.c **** * @param  pdev: device instance
 193:Middlewares/ST/STM32_USB_Device_Library/Core/Src/usbd_ioreq.c **** * @retval status
 194:Middlewares/ST/STM32_USB_Device_Library/Core/Src/usbd_ioreq.c **** */
 195:Middlewares/ST/STM32_USB_Device_Library/Core/Src/usbd_ioreq.c **** USBD_StatusTypeDef  USBD_CtlReceiveStatus (USBD_HandleTypeDef  *pdev)
 196:Middlewares/ST/STM32_USB_Device_Library/Core/Src/usbd_ioreq.c **** {
 303              		.loc 1 196 0
 304              		.cfi_startproc
 305              		@ args = 0, pretend = 0, frame = 8
 306              		@ frame_needed = 1, uses_anonymous_args = 0
 307 0000 80B5     		push	{r7, lr}
 308              	.LCFI25:
 309              		.cfi_def_cfa_offset 8
 310              		.cfi_offset 7, -8
 311              		.cfi_offset 14, -4
 312 0002 82B0     		sub	sp, sp, #8
 313              	.LCFI26:
 314              		.cfi_def_cfa_offset 16
 315 0004 00AF     		add	r7, sp, #0
 316              	.LCFI27:
 317              		.cfi_def_cfa_register 7
 318 0006 7860     		str	r0, [r7, #4]
 197:Middlewares/ST/STM32_USB_Device_Library/Core/Src/usbd_ioreq.c ****   /* Set EP0 State */
 198:Middlewares/ST/STM32_USB_Device_Library/Core/Src/usbd_ioreq.c ****   pdev->ep0_state = USBD_EP0_STATUS_OUT; 
 319              		.loc 1 198 0
 320 0008 7B68     		ldr	r3, [r7, #4]
 321 000a 0522     		movs	r2, #5
 322 000c C3F8F421 		str	r2, [r3, #500]
 199:Middlewares/ST/STM32_USB_Device_Library/Core/Src/usbd_ioreq.c ****   
 200:Middlewares/ST/STM32_USB_Device_Library/Core/Src/usbd_ioreq.c ****  /* Start the transfer */  
 201:Middlewares/ST/STM32_USB_Device_Library/Core/Src/usbd_ioreq.c ****   USBD_LL_PrepareReceive ( pdev,
 323              		.loc 1 201 0
ARM GAS  /tmp/ccHmlBSD.s 			page 10


 324 0010 0023     		movs	r3, #0
 325 0012 0022     		movs	r2, #0
 326 0014 0021     		movs	r1, #0
 327 0016 7868     		ldr	r0, [r7, #4]
 328 0018 FFF7FEFF 		bl	USBD_LL_PrepareReceive
 202:Middlewares/ST/STM32_USB_Device_Library/Core/Src/usbd_ioreq.c ****                     0,
 203:Middlewares/ST/STM32_USB_Device_Library/Core/Src/usbd_ioreq.c ****                     NULL,
 204:Middlewares/ST/STM32_USB_Device_Library/Core/Src/usbd_ioreq.c ****                     0);  
 205:Middlewares/ST/STM32_USB_Device_Library/Core/Src/usbd_ioreq.c **** 
 206:Middlewares/ST/STM32_USB_Device_Library/Core/Src/usbd_ioreq.c ****   return USBD_OK;
 329              		.loc 1 206 0
 330 001c 0023     		movs	r3, #0
 207:Middlewares/ST/STM32_USB_Device_Library/Core/Src/usbd_ioreq.c **** }
 331              		.loc 1 207 0
 332 001e 1846     		mov	r0, r3
 333 0020 0837     		adds	r7, r7, #8
 334              	.LCFI28:
 335              		.cfi_def_cfa_offset 8
 336 0022 BD46     		mov	sp, r7
 337              	.LCFI29:
 338              		.cfi_def_cfa_register 13
 339              		@ sp needed
 340 0024 80BD     		pop	{r7, pc}
 341              		.cfi_endproc
 342              	.LFE129:
 344              		.section	.text.USBD_GetRxCount,"ax",%progbits
 345              		.align	1
 346              		.global	USBD_GetRxCount
 347              		.syntax unified
 348              		.thumb
 349              		.thumb_func
 350              		.fpu fpv4-sp-d16
 352              	USBD_GetRxCount:
 353              	.LFB130:
 208:Middlewares/ST/STM32_USB_Device_Library/Core/Src/usbd_ioreq.c **** 
 209:Middlewares/ST/STM32_USB_Device_Library/Core/Src/usbd_ioreq.c **** 
 210:Middlewares/ST/STM32_USB_Device_Library/Core/Src/usbd_ioreq.c **** /**
 211:Middlewares/ST/STM32_USB_Device_Library/Core/Src/usbd_ioreq.c **** * @brief  USBD_GetRxCount
 212:Middlewares/ST/STM32_USB_Device_Library/Core/Src/usbd_ioreq.c **** *         returns the received data length
 213:Middlewares/ST/STM32_USB_Device_Library/Core/Src/usbd_ioreq.c **** * @param  pdev: device instance
 214:Middlewares/ST/STM32_USB_Device_Library/Core/Src/usbd_ioreq.c **** * @param  ep_addr: endpoint address
 215:Middlewares/ST/STM32_USB_Device_Library/Core/Src/usbd_ioreq.c **** * @retval Rx Data blength
 216:Middlewares/ST/STM32_USB_Device_Library/Core/Src/usbd_ioreq.c **** */
 217:Middlewares/ST/STM32_USB_Device_Library/Core/Src/usbd_ioreq.c **** uint16_t  USBD_GetRxCount (USBD_HandleTypeDef  *pdev , uint8_t ep_addr)
 218:Middlewares/ST/STM32_USB_Device_Library/Core/Src/usbd_ioreq.c **** {
 354              		.loc 1 218 0
 355              		.cfi_startproc
 356              		@ args = 0, pretend = 0, frame = 8
 357              		@ frame_needed = 1, uses_anonymous_args = 0
 358 0000 80B5     		push	{r7, lr}
 359              	.LCFI30:
 360              		.cfi_def_cfa_offset 8
 361              		.cfi_offset 7, -8
 362              		.cfi_offset 14, -4
 363 0002 82B0     		sub	sp, sp, #8
 364              	.LCFI31:
 365              		.cfi_def_cfa_offset 16
ARM GAS  /tmp/ccHmlBSD.s 			page 11


 366 0004 00AF     		add	r7, sp, #0
 367              	.LCFI32:
 368              		.cfi_def_cfa_register 7
 369 0006 7860     		str	r0, [r7, #4]
 370 0008 0B46     		mov	r3, r1
 371 000a FB70     		strb	r3, [r7, #3]
 219:Middlewares/ST/STM32_USB_Device_Library/Core/Src/usbd_ioreq.c ****   return USBD_LL_GetRxDataSize(pdev, ep_addr);
 372              		.loc 1 219 0
 373 000c FB78     		ldrb	r3, [r7, #3]	@ zero_extendqisi2
 374 000e 1946     		mov	r1, r3
 375 0010 7868     		ldr	r0, [r7, #4]
 376 0012 FFF7FEFF 		bl	USBD_LL_GetRxDataSize
 377 0016 0346     		mov	r3, r0
 378 0018 9BB2     		uxth	r3, r3
 220:Middlewares/ST/STM32_USB_Device_Library/Core/Src/usbd_ioreq.c **** }
 379              		.loc 1 220 0
 380 001a 1846     		mov	r0, r3
 381 001c 0837     		adds	r7, r7, #8
 382              	.LCFI33:
 383              		.cfi_def_cfa_offset 8
 384 001e BD46     		mov	sp, r7
 385              	.LCFI34:
 386              		.cfi_def_cfa_register 13
 387              		@ sp needed
 388 0020 80BD     		pop	{r7, pc}
 389              		.cfi_endproc
 390              	.LFE130:
 392              		.text
 393              	.Letext0:
 394              		.file 2 "/usr/arm-none-eabi/include/machine/_default_types.h"
 395              		.file 3 "/usr/arm-none-eabi/include/sys/lock.h"
 396              		.file 4 "/usr/arm-none-eabi/include/sys/_types.h"
 397              		.file 5 "/usr/lib/gcc/arm-none-eabi/6.3.1/include/stddef.h"
 398              		.file 6 "/usr/arm-none-eabi/include/sys/reent.h"
 399              		.file 7 "/usr/arm-none-eabi/include/sys/_stdint.h"
 400              		.file 8 "/usr/arm-none-eabi/include/stdlib.h"
 401              		.file 9 "Drivers/CMSIS/Include/core_cm4.h"
 402              		.file 10 "Drivers/CMSIS/Device/ST/STM32F4xx/Include/system_stm32f4xx.h"
 403              		.file 11 "Middlewares/ST/STM32_USB_Device_Library/Core/Inc/usbd_def.h"
ARM GAS  /tmp/ccHmlBSD.s 			page 12


DEFINED SYMBOLS
                            *ABS*:0000000000000000 usbd_ioreq.c
     /tmp/ccHmlBSD.s:18     .text.USBD_CtlSendData:0000000000000000 $t
     /tmp/ccHmlBSD.s:25     .text.USBD_CtlSendData:0000000000000000 USBD_CtlSendData
     /tmp/ccHmlBSD.s:81     .text.USBD_CtlContinueSendData:0000000000000000 $t
     /tmp/ccHmlBSD.s:88     .text.USBD_CtlContinueSendData:0000000000000000 USBD_CtlContinueSendData
     /tmp/ccHmlBSD.s:131    .text.USBD_CtlPrepareRx:0000000000000000 $t
     /tmp/ccHmlBSD.s:138    .text.USBD_CtlPrepareRx:0000000000000000 USBD_CtlPrepareRx
     /tmp/ccHmlBSD.s:193    .text.USBD_CtlContinueRx:0000000000000000 $t
     /tmp/ccHmlBSD.s:200    .text.USBD_CtlContinueRx:0000000000000000 USBD_CtlContinueRx
     /tmp/ccHmlBSD.s:243    .text.USBD_CtlSendStatus:0000000000000000 $t
     /tmp/ccHmlBSD.s:250    .text.USBD_CtlSendStatus:0000000000000000 USBD_CtlSendStatus
     /tmp/ccHmlBSD.s:294    .text.USBD_CtlReceiveStatus:0000000000000000 $t
     /tmp/ccHmlBSD.s:301    .text.USBD_CtlReceiveStatus:0000000000000000 USBD_CtlReceiveStatus
     /tmp/ccHmlBSD.s:345    .text.USBD_GetRxCount:0000000000000000 $t
     /tmp/ccHmlBSD.s:352    .text.USBD_GetRxCount:0000000000000000 USBD_GetRxCount
                     .debug_frame:0000000000000010 $d

UNDEFINED SYMBOLS
USBD_LL_Transmit
USBD_LL_PrepareReceive
USBD_LL_GetRxDataSize
